<?xml version="1.0" encoding="UTF-8"?>
<testsuite name="com.polarbookshop.catalogservice.web.BookJsonTests" tests="2" skipped="0" failures="0" errors="0" timestamp="2023-12-12T02:13:13" hostname="ramesh.local" time="0.041">
  <properties/>
  <testcase name="testSerialize()" classname="com.polarbookshop.catalogservice.web.BookJsonTests" time="0.016"/>
  <testcase name="testDeserialize()" classname="com.polarbookshop.catalogservice.web.BookJsonTests" time="0.024"/>
  <system-out><![CDATA[2023-12-12 07:43:13.023  INFO 2110 --- [    Test worker] o.s.b.t.a.j.JsonTestContextBootstrapper  : Neither @ContextConfiguration nor @ContextHierarchy found for test class [com.polarbookshop.catalogservice.web.BookJsonTests], using SpringBootContextLoader
2023-12-12 07:43:13.023  INFO 2110 --- [    Test worker] o.s.t.c.support.AbstractContextLoader    : Could not detect default resource locations for test class [com.polarbookshop.catalogservice.web.BookJsonTests]: no resource found for suffixes {-context.xml, Context.groovy}.
2023-12-12 07:43:13.023  INFO 2110 --- [    Test worker] t.c.s.AnnotationConfigContextLoaderUtils : Could not detect default configuration classes for test class [com.polarbookshop.catalogservice.web.BookJsonTests]: BookJsonTests does not declare any static, non-private, non-final, nested classes annotated with @Configuration.
2023-12-12 07:43:13.027  INFO 2110 --- [    Test worker] .b.t.c.SpringBootTestContextBootstrapper : Found @SpringBootConfiguration com.polarbookshop.catalogservice.CatalogServiceApplication for test class com.polarbookshop.catalogservice.web.BookJsonTests
2023-12-12 07:43:13.027  INFO 2110 --- [    Test worker] o.s.b.t.a.j.JsonTestContextBootstrapper  : Loaded default TestExecutionListener class names from location [META-INF/spring.factories]: [org.springframework.boot.test.autoconfigure.restdocs.RestDocsTestExecutionListener, org.springframework.boot.test.autoconfigure.web.client.MockRestServiceServerResetTestExecutionListener, org.springframework.boot.test.autoconfigure.web.servlet.MockMvcPrintOnlyOnFailureTestExecutionListener, org.springframework.boot.test.autoconfigure.web.servlet.WebDriverTestExecutionListener, org.springframework.boot.test.autoconfigure.webservices.client.MockWebServiceServerTestExecutionListener, org.springframework.boot.test.mock.mockito.MockitoTestExecutionListener, org.springframework.boot.test.mock.mockito.ResetMocksTestExecutionListener, org.springframework.test.context.web.ServletTestExecutionListener, org.springframework.test.context.support.DirtiesContextBeforeModesTestExecutionListener, org.springframework.test.context.event.ApplicationEventsTestExecutionListener, org.springframework.test.context.support.DependencyInjectionTestExecutionListener, org.springframework.test.context.support.DirtiesContextTestExecutionListener, org.springframework.test.context.transaction.TransactionalTestExecutionListener, org.springframework.test.context.jdbc.SqlScriptsTestExecutionListener, org.springframework.test.context.event.EventPublishingTestExecutionListener]
2023-12-12 07:43:13.028  INFO 2110 --- [    Test worker] o.s.b.t.a.j.JsonTestContextBootstrapper  : Using TestExecutionListeners: [org.springframework.test.context.web.ServletTestExecutionListener@63318b56, org.springframework.test.context.support.DirtiesContextBeforeModesTestExecutionListener@19e5e110, org.springframework.test.context.event.ApplicationEventsTestExecutionListener@1e295f7f, org.springframework.boot.test.mock.mockito.MockitoTestExecutionListener@4b762988, org.springframework.boot.test.autoconfigure.SpringBootDependencyInjectionTestExecutionListener@24f2608b, org.springframework.test.context.support.DirtiesContextTestExecutionListener@12a9e864, org.springframework.test.context.event.EventPublishingTestExecutionListener@462f8fe9, org.springframework.boot.test.autoconfigure.restdocs.RestDocsTestExecutionListener@3c6fc4cd, org.springframework.boot.test.autoconfigure.web.client.MockRestServiceServerResetTestExecutionListener@b2e1df3, org.springframework.boot.test.autoconfigure.web.servlet.MockMvcPrintOnlyOnFailureTestExecutionListener@56193e3a, org.springframework.boot.test.autoconfigure.web.servlet.WebDriverTestExecutionListener@6cf3b3d7, org.springframework.boot.test.autoconfigure.webservices.client.MockWebServiceServerTestExecutionListener@2e785b28, org.springframework.boot.test.mock.mockito.ResetMocksTestExecutionListener@55c20a91]

  .   ____          _            __ _ _
 /\\ / ___'_ __ _ _(_)_ __  __ _ \ \ \ \
( ( )\___ | '_ | '_| | '_ \/ _` | \ \ \ \
 \\/  ___)| |_)| | | | | || (_| |  ) ) ) )
  '  |____| .__|_| |_|_| |_\__, | / / / /
 =========|_|==============|___/=/_/_/_/
 :: Spring Boot ::               (v2.7.16)

2023-12-12 07:43:13.042  INFO 2110 --- [    Test worker] c.p.catalogservice.web.BookJsonTests     : Starting BookJsonTests using Java 17.0.7 on ramesh.local with PID 2110 (started by ramesh in /Users/ramesh/cloud-native/catalog-service)
2023-12-12 07:43:13.042  INFO 2110 --- [    Test worker] c.p.catalogservice.web.BookJsonTests     : No active profile set, falling back to 1 default profile: "default"
2023-12-12 07:43:13.088  INFO 2110 --- [    Test worker] c.p.catalogservice.web.BookJsonTests     : Started BookJsonTests in 0.059 seconds (JVM running for 3.371)
]]></system-out>
  <system-err><![CDATA[]]></system-err>
</testsuite>
