<?xml version="1.0" encoding="UTF-8"?>
<testsuite name="com.polarbookshop.catalogservice.web.BookControllerMvcTests" tests="1" skipped="0" failures="0" errors="0" timestamp="2023-10-20T23:15:45" hostname="ramesh.local" time="0.016">
  <properties/>
  <testcase name="whenGetBookNotExistingThenShouldReturn404()" classname="com.polarbookshop.catalogservice.web.BookControllerMvcTests" time="0.016"/>
  <system-out><![CDATA[2023-10-21 04:45:45.237  INFO 4655 --- [    Test worker] .b.t.a.w.s.WebMvcTestContextBootstrapper : Neither @ContextConfiguration nor @ContextHierarchy found for test class [com.polarbookshop.catalogservice.web.BookControllerMvcTests], using SpringBootContextLoader
2023-10-21 04:45:45.238  INFO 4655 --- [    Test worker] o.s.t.c.support.AbstractContextLoader    : Could not detect default resource locations for test class [com.polarbookshop.catalogservice.web.BookControllerMvcTests]: no resource found for suffixes {-context.xml, Context.groovy}.
2023-10-21 04:45:45.238  INFO 4655 --- [    Test worker] t.c.s.AnnotationConfigContextLoaderUtils : Could not detect default configuration classes for test class [com.polarbookshop.catalogservice.web.BookControllerMvcTests]: BookControllerMvcTests does not declare any static, non-private, non-final, nested classes annotated with @Configuration.
2023-10-21 04:45:45.251  INFO 4655 --- [    Test worker] .b.t.c.SpringBootTestContextBootstrapper : Found @SpringBootConfiguration com.polarbookshop.catalogservice.CatalogServiceApplication for test class com.polarbookshop.catalogservice.web.BookControllerMvcTests
2023-10-21 04:45:45.252  INFO 4655 --- [    Test worker] .b.t.a.w.s.WebMvcTestContextBootstrapper : Loaded default TestExecutionListener class names from location [META-INF/spring.factories]: [org.springframework.boot.test.autoconfigure.restdocs.RestDocsTestExecutionListener, org.springframework.boot.test.autoconfigure.web.client.MockRestServiceServerResetTestExecutionListener, org.springframework.boot.test.autoconfigure.web.servlet.MockMvcPrintOnlyOnFailureTestExecutionListener, org.springframework.boot.test.autoconfigure.web.servlet.WebDriverTestExecutionListener, org.springframework.boot.test.autoconfigure.webservices.client.MockWebServiceServerTestExecutionListener, org.springframework.boot.test.mock.mockito.MockitoTestExecutionListener, org.springframework.boot.test.mock.mockito.ResetMocksTestExecutionListener, org.springframework.test.context.web.ServletTestExecutionListener, org.springframework.test.context.support.DirtiesContextBeforeModesTestExecutionListener, org.springframework.test.context.event.ApplicationEventsTestExecutionListener, org.springframework.test.context.support.DependencyInjectionTestExecutionListener, org.springframework.test.context.support.DirtiesContextTestExecutionListener, org.springframework.test.context.transaction.TransactionalTestExecutionListener, org.springframework.test.context.jdbc.SqlScriptsTestExecutionListener, org.springframework.test.context.event.EventPublishingTestExecutionListener]
2023-10-21 04:45:45.253  INFO 4655 --- [    Test worker] .b.t.a.w.s.WebMvcTestContextBootstrapper : Using TestExecutionListeners: [org.springframework.test.context.web.ServletTestExecutionListener@5059d398, org.springframework.test.context.support.DirtiesContextBeforeModesTestExecutionListener@5b1420f9, org.springframework.test.context.event.ApplicationEventsTestExecutionListener@434ee422, org.springframework.boot.test.mock.mockito.MockitoTestExecutionListener@4de93edd, org.springframework.boot.test.autoconfigure.SpringBootDependencyInjectionTestExecutionListener@53b2e1eb, org.springframework.test.context.support.DirtiesContextTestExecutionListener@29db008c, org.springframework.test.context.event.EventPublishingTestExecutionListener@1d008e61, org.springframework.boot.test.autoconfigure.restdocs.RestDocsTestExecutionListener@191b44ca, org.springframework.boot.test.autoconfigure.web.client.MockRestServiceServerResetTestExecutionListener@5de243bb, org.springframework.boot.test.autoconfigure.web.servlet.MockMvcPrintOnlyOnFailureTestExecutionListener@2c4cf7eb, org.springframework.boot.test.autoconfigure.web.servlet.WebDriverTestExecutionListener@35260785, org.springframework.boot.test.autoconfigure.webservices.client.MockWebServiceServerTestExecutionListener@76d828ff, org.springframework.boot.test.mock.mockito.ResetMocksTestExecutionListener@39685204]

  .   ____          _            __ _ _
 /\\ / ___'_ __ _ _(_)_ __  __ _ \ \ \ \
( ( )\___ | '_ | '_| | '_ \/ _` | \ \ \ \
 \\/  ___)| |_)| | | | | || (_| |  ) ) ) )
  '  |____| .__|_| |_|_| |_\__, | / / / /
 =========|_|==============|___/=/_/_/_/
 :: Spring Boot ::               (v2.7.16)

2023-10-21 04:45:45.270  INFO 4655 --- [    Test worker] c.p.c.web.BookControllerMvcTests         : Starting BookControllerMvcTests using Java 17.0.7 on ramesh.local with PID 4655 (started by ramesh in /Users/ramesh/cloud-native/catalog-service)
2023-10-21 04:45:45.271  INFO 4655 --- [    Test worker] c.p.c.web.BookControllerMvcTests         : No active profile set, falling back to 1 default profile: "default"
2023-10-21 04:45:45.564  INFO 4655 --- [    Test worker] o.s.b.t.m.w.SpringBootMockServletContext : Initializing Spring TestDispatcherServlet ''
2023-10-21 04:45:45.564  INFO 4655 --- [    Test worker] o.s.t.web.servlet.TestDispatcherServlet  : Initializing Servlet ''
2023-10-21 04:45:45.564  INFO 4655 --- [    Test worker] o.s.t.web.servlet.TestDispatcherServlet  : Completed initialization in 0 ms
2023-10-21 04:45:45.587  INFO 4655 --- [    Test worker] c.p.c.web.BookControllerMvcTests         : Started BookControllerMvcTests in 0.33 seconds (JVM running for 3.186)
]]></system-out>
  <system-err><![CDATA[]]></system-err>
</testsuite>
